<?xml version="1.0" encoding="UTF-8"?>
<testng-results skipped="0" failed="0" ignored="0" total="0" passed="0">
  <reporter-output>
  </reporter-output>
  <suite name="com.softwaretestingboard.magento.testbase.BaseTest" duration-ms="21" started-at="2023-05-07T12:12:32 BST" finished-at="2023-05-07T12:12:32 BST">
    <groups>
    </groups>
    <test name="Command line test" duration-ms="21" started-at="2023-05-07T12:12:32 BST" finished-at="2023-05-07T12:12:32 BST">
    </test> <!-- Command line test -->
  </suite> <!-- com.softwaretestingboard.magento.testbase.BaseTest -->
</testng-results>
